mode: set
github.com/BargheNo/Backend/internal/application/service/address_service_impl.go:22.19,28.2 1 0
github.com/BargheNo/Backend/internal/application/service/address_service_impl.go:30.125,32.12 2 0
github.com/BargheNo/Backend/internal/application/service/address_service_impl.go:32.12,34.23 2 0
github.com/BargheNo/Backend/internal/application/service/address_service_impl.go:36.2,37.12 2 0
github.com/BargheNo/Backend/internal/application/service/address_service_impl.go:37.12,39.23 2 0
github.com/BargheNo/Backend/internal/application/service/address_service_impl.go:41.2,52.16 3 0
github.com/BargheNo/Backend/internal/application/service/address_service_impl.go:52.16,53.13 1 0
github.com/BargheNo/Backend/internal/application/service/address_service_impl.go:55.2,63.3 1 0
github.com/BargheNo/Backend/internal/application/service/address_service_impl.go:66.109,68.12 2 0
github.com/BargheNo/Backend/internal/application/service/address_service_impl.go:68.12,70.23 2 0
github.com/BargheNo/Backend/internal/application/service/address_service_impl.go:72.2,83.17 4 0
github.com/BargheNo/Backend/internal/application/service/address_service_impl.go:86.135,89.42 3 0
github.com/BargheNo/Backend/internal/application/service/address_service_impl.go:89.42,101.3 3 0
github.com/BargheNo/Backend/internal/application/service/address_service_impl.go:102.2,102.18 1 0
github.com/BargheNo/Backend/internal/application/service/address_service_impl.go:105.69,107.12 2 0
github.com/BargheNo/Backend/internal/application/service/address_service_impl.go:107.12,109.23 2 0
github.com/BargheNo/Backend/internal/application/service/address_service_impl.go:111.2,112.16 2 0
github.com/BargheNo/Backend/internal/application/service/address_service_impl.go:112.16,113.13 1 0
github.com/BargheNo/Backend/internal/application/service/address_service_impl.go:117.87,120.37 3 0
github.com/BargheNo/Backend/internal/application/service/address_service_impl.go:120.37,125.3 1 0
github.com/BargheNo/Backend/internal/application/service/address_service_impl.go:126.2,126.21 1 0
github.com/BargheNo/Backend/internal/application/service/address_service_impl.go:129.133,132.30 3 0
github.com/BargheNo/Backend/internal/application/service/address_service_impl.go:132.30,137.3 1 0
github.com/BargheNo/Backend/internal/application/service/address_service_impl.go:138.2,138.19 1 0
github.com/BargheNo/Backend/internal/application/service/bid_service_impl.go:30.15,39.2 1 0
github.com/BargheNo/Backend/internal/application/service/bid_service_impl.go:41.68,44.15 3 0
github.com/BargheNo/Backend/internal/application/service/bid_service_impl.go:44.15,49.24 2 0
github.com/BargheNo/Backend/internal/application/service/bid_service_impl.go:51.2,54.81 3 0
github.com/BargheNo/Backend/internal/application/service/bid_service_impl.go:54.81,56.24 2 0
github.com/BargheNo/Backend/internal/application/service/bid_service_impl.go:59.2,61.11 3 0
github.com/BargheNo/Backend/internal/application/service/bid_service_impl.go:61.11,63.24 2 0
github.com/BargheNo/Backend/internal/application/service/bid_service_impl.go:66.2,76.16 3 0
github.com/BargheNo/Backend/internal/application/service/bid_service_impl.go:76.16,77.13 1 0
github.com/BargheNo/Backend/internal/application/service/bid_service_impl.go:81.74,84.15 3 0
github.com/BargheNo/Backend/internal/application/service/bid_service_impl.go:84.15,89.24 2 0
github.com/BargheNo/Backend/internal/application/service/bid_service_impl.go:92.2,95.69 3 0
github.com/BargheNo/Backend/internal/application/service/bid_service_impl.go:95.69,97.24 2 0
github.com/BargheNo/Backend/internal/application/service/bid_service_impl.go:100.2,101.12 2 0
github.com/BargheNo/Backend/internal/application/service/bid_service_impl.go:101.12,103.23 2 0
github.com/BargheNo/Backend/internal/application/service/bid_service_impl.go:105.2,105.48 1 0
github.com/BargheNo/Backend/internal/application/service/bid_service_impl.go:105.48,110.24 2 0
github.com/BargheNo/Backend/internal/application/service/bid_service_impl.go:112.2,112.41 1 0
github.com/BargheNo/Backend/internal/application/service/bid_service_impl.go:112.41,114.24 2 0
github.com/BargheNo/Backend/internal/application/service/bid_service_impl.go:116.2,117.16 2 0
github.com/BargheNo/Backend/internal/application/service/bid_service_impl.go:117.16,118.13 1 0
github.com/BargheNo/Backend/internal/application/service/bid_service_impl.go:122.118,124.15 2 0
github.com/BargheNo/Backend/internal/application/service/bid_service_impl.go:124.15,129.24 2 0
github.com/BargheNo/Backend/internal/application/service/bid_service_impl.go:132.2,137.27 4 0
github.com/BargheNo/Backend/internal/application/service/bid_service_impl.go:137.27,149.3 3 0
github.com/BargheNo/Backend/internal/application/service/bid_service_impl.go:151.2,151.21 1 0
github.com/BargheNo/Backend/internal/application/service/bid_service_impl.go:154.110,156.43 2 0
github.com/BargheNo/Backend/internal/application/service/bid_service_impl.go:156.43,161.24 2 0
github.com/BargheNo/Backend/internal/application/service/bid_service_impl.go:164.2,166.27 3 0
github.com/BargheNo/Backend/internal/application/service/bid_service_impl.go:166.27,178.3 3 0
github.com/BargheNo/Backend/internal/application/service/bid_service_impl.go:180.2,180.21 1 0
github.com/BargheNo/Backend/internal/application/service/chat_service_impl.go:29.16,37.2 1 0
github.com/BargheNo/Backend/internal/application/service/chat_service_impl.go:39.109,46.16 3 0
github.com/BargheNo/Backend/internal/application/service/chat_service_impl.go:46.16,47.13 1 0
github.com/BargheNo/Backend/internal/application/service/chat_service_impl.go:49.2,49.13 1 0
github.com/BargheNo/Backend/internal/application/service/chat_service_impl.go:52.125,58.12 6 0
github.com/BargheNo/Backend/internal/application/service/chat_service_impl.go:58.12,60.3 1 0
github.com/BargheNo/Backend/internal/application/service/chat_service_impl.go:62.2,63.43 2 0
github.com/BargheNo/Backend/internal/application/service/chat_service_impl.go:63.43,65.3 1 0
github.com/BargheNo/Backend/internal/application/service/chat_service_impl.go:66.2,74.20 2 0
github.com/BargheNo/Backend/internal/application/service/chat_service_impl.go:77.127,84.12 7 0
github.com/BargheNo/Backend/internal/application/service/chat_service_impl.go:84.12,89.24 2 0
github.com/BargheNo/Backend/internal/application/service/chat_service_impl.go:91.2,92.43 2 0
github.com/BargheNo/Backend/internal/application/service/chat_service_impl.go:92.43,94.3 1 0
github.com/BargheNo/Backend/internal/application/service/chat_service_impl.go:95.2,103.20 2 0
github.com/BargheNo/Backend/internal/application/service/chat_service_impl.go:106.93,110.29 4 0
github.com/BargheNo/Backend/internal/application/service/chat_service_impl.go:110.29,113.44 3 0
github.com/BargheNo/Backend/internal/application/service/chat_service_impl.go:113.44,115.4 1 0
github.com/BargheNo/Backend/internal/application/service/chat_service_impl.go:116.3,122.4 1 0
github.com/BargheNo/Backend/internal/application/service/chat_service_impl.go:124.2,124.21 1 0
github.com/BargheNo/Backend/internal/application/service/chat_service_impl.go:127.131,133.29 6 0
github.com/BargheNo/Backend/internal/application/service/chat_service_impl.go:133.29,136.44 3 0
github.com/BargheNo/Backend/internal/application/service/chat_service_impl.go:136.44,138.4 1 0
github.com/BargheNo/Backend/internal/application/service/chat_service_impl.go:139.3,145.4 1 0
github.com/BargheNo/Backend/internal/application/service/chat_service_impl.go:147.2,147.21 1 0
github.com/BargheNo/Backend/internal/application/service/chat_service_impl.go:150.103,151.26 1 0
github.com/BargheNo/Backend/internal/application/service/chat_service_impl.go:151.26,153.3 1 0
github.com/BargheNo/Backend/internal/application/service/chat_service_impl.go:156.113,158.12 2 0
github.com/BargheNo/Backend/internal/application/service/chat_service_impl.go:158.12,163.24 2 0
github.com/BargheNo/Backend/internal/application/service/chat_service_impl.go:165.2,166.12 2 0
github.com/BargheNo/Backend/internal/application/service/chat_service_impl.go:166.12,168.23 2 0
github.com/BargheNo/Backend/internal/application/service/chat_service_impl.go:170.2,170.43 1 0
github.com/BargheNo/Backend/internal/application/service/chat_service_impl.go:170.43,175.24 2 0
github.com/BargheNo/Backend/internal/application/service/chat_service_impl.go:177.2,183.90 3 0
github.com/BargheNo/Backend/internal/application/service/chat_service_impl.go:183.90,184.13 1 0
github.com/BargheNo/Backend/internal/application/service/chat_service_impl.go:186.2,192.3 2 0
github.com/BargheNo/Backend/internal/application/service/chat_service_impl.go:195.119,198.12 3 0
github.com/BargheNo/Backend/internal/application/service/chat_service_impl.go:198.12,200.23 2 0
github.com/BargheNo/Backend/internal/application/service/chat_service_impl.go:202.2,207.35 6 0
github.com/BargheNo/Backend/internal/application/service/chat_service_impl.go:207.35,215.3 2 0
github.com/BargheNo/Backend/internal/application/service/chat_service_impl.go:216.2,216.25 1 0
github.com/BargheNo/Backend/internal/application/service/chat_service_impl.go:219.88,222.12 3 0
github.com/BargheNo/Backend/internal/application/service/chat_service_impl.go:222.12,224.23 2 0
github.com/BargheNo/Backend/internal/application/service/chat_service_impl.go:226.2,226.43 1 0
github.com/BargheNo/Backend/internal/application/service/chat_service_impl.go:226.43,229.24 3 0
github.com/BargheNo/Backend/internal/application/service/chat_service_impl.go:231.2,236.16 5 0
github.com/BargheNo/Backend/internal/application/service/chat_service_impl.go:236.16,237.13 1 0
github.com/BargheNo/Backend/internal/application/service/chat_service_impl.go:241.90,244.12 3 0
github.com/BargheNo/Backend/internal/application/service/chat_service_impl.go:244.12,246.23 2 0
github.com/BargheNo/Backend/internal/application/service/chat_service_impl.go:248.2,248.42 1 0
github.com/BargheNo/Backend/internal/application/service/chat_service_impl.go:248.42,251.24 3 0
github.com/BargheNo/Backend/internal/application/service/chat_service_impl.go:253.2,255.42 2 0
github.com/BargheNo/Backend/internal/application/service/chat_service_impl.go:255.42,260.24 2 0
github.com/BargheNo/Backend/internal/application/service/chat_service_impl.go:262.2,265.16 4 0
github.com/BargheNo/Backend/internal/application/service/chat_service_impl.go:265.16,266.13 1 0
github.com/BargheNo/Backend/internal/application/service/corporation_service_impl.go:35.23,44.2 1 0
github.com/BargheNo/Backend/internal/application/service/corporation_service_impl.go:46.146,48.12 2 0
github.com/BargheNo/Backend/internal/application/service/corporation_service_impl.go:48.12,50.23 2 0
github.com/BargheNo/Backend/internal/application/service/corporation_service_impl.go:52.2,52.34 1 0
github.com/BargheNo/Backend/internal/application/service/corporation_service_impl.go:52.34,57.24 2 0
github.com/BargheNo/Backend/internal/application/service/corporation_service_impl.go:59.2,59.20 1 0
github.com/BargheNo/Backend/internal/application/service/corporation_service_impl.go:62.88,64.12 2 0
github.com/BargheNo/Backend/internal/application/service/corporation_service_impl.go:64.12,66.23 2 0
github.com/BargheNo/Backend/internal/application/service/corporation_service_impl.go:70.138,72.12 2 0
github.com/BargheNo/Backend/internal/application/service/corporation_service_impl.go:72.12,74.23 2 0
github.com/BargheNo/Backend/internal/application/service/corporation_service_impl.go:76.2,87.3 4 0
github.com/BargheNo/Backend/internal/application/service/corporation_service_impl.go:90.94,92.12 2 0
github.com/BargheNo/Backend/internal/application/service/corporation_service_impl.go:92.12,94.23 2 0
github.com/BargheNo/Backend/internal/application/service/corporation_service_impl.go:96.2,97.19 2 0
github.com/BargheNo/Backend/internal/application/service/corporation_service_impl.go:100.101,102.12 2 0
github.com/BargheNo/Backend/internal/application/service/corporation_service_impl.go:102.12,107.24 2 0
github.com/BargheNo/Backend/internal/application/service/corporation_service_impl.go:111.146,113.12 2 0
github.com/BargheNo/Backend/internal/application/service/corporation_service_impl.go:113.12,118.24 2 0
github.com/BargheNo/Backend/internal/application/service/corporation_service_impl.go:120.2,123.11 4 0
github.com/BargheNo/Backend/internal/application/service/corporation_service_impl.go:123.11,125.3 1 0
github.com/BargheNo/Backend/internal/application/service/corporation_service_impl.go:126.2,127.11 2 0
github.com/BargheNo/Backend/internal/application/service/corporation_service_impl.go:127.11,129.3 1 0
github.com/BargheNo/Backend/internal/application/service/corporation_service_impl.go:130.2,131.11 2 0
github.com/BargheNo/Backend/internal/application/service/corporation_service_impl.go:131.11,133.3 1 0
github.com/BargheNo/Backend/internal/application/service/corporation_service_impl.go:134.2,134.29 1 0
github.com/BargheNo/Backend/internal/application/service/corporation_service_impl.go:134.29,136.12 2 0
github.com/BargheNo/Backend/internal/application/service/corporation_service_impl.go:136.12,138.4 1 0
github.com/BargheNo/Backend/internal/application/service/corporation_service_impl.go:140.2,140.36 1 0
github.com/BargheNo/Backend/internal/application/service/corporation_service_impl.go:140.36,141.24 1 0
github.com/BargheNo/Backend/internal/application/service/corporation_service_impl.go:144.2,153.16 3 0
github.com/BargheNo/Backend/internal/application/service/corporation_service_impl.go:153.16,154.13 1 0
github.com/BargheNo/Backend/internal/application/service/corporation_service_impl.go:157.2,164.16 3 0
github.com/BargheNo/Backend/internal/application/service/corporation_service_impl.go:164.16,165.13 1 0
github.com/BargheNo/Backend/internal/application/service/corporation_service_impl.go:168.2,168.53 1 0
github.com/BargheNo/Backend/internal/application/service/corporation_service_impl.go:168.53,170.12 2 0
github.com/BargheNo/Backend/internal/application/service/corporation_service_impl.go:170.12,171.12 1 0
github.com/BargheNo/Backend/internal/application/service/corporation_service_impl.go:173.3,180.17 3 0
github.com/BargheNo/Backend/internal/application/service/corporation_service_impl.go:180.17,181.14 1 0
github.com/BargheNo/Backend/internal/application/service/corporation_service_impl.go:185.2,185.97 1 0
github.com/BargheNo/Backend/internal/application/service/corporation_service_impl.go:188.126,190.16 2 0
github.com/BargheNo/Backend/internal/application/service/corporation_service_impl.go:190.16,191.13 1 0
github.com/BargheNo/Backend/internal/application/service/corporation_service_impl.go:193.2,193.40 1 0
github.com/BargheNo/Backend/internal/application/service/corporation_service_impl.go:193.40,195.12 2 0
github.com/BargheNo/Backend/internal/application/service/corporation_service_impl.go:195.12,196.12 1 0
github.com/BargheNo/Backend/internal/application/service/corporation_service_impl.go:198.3,205.17 3 0
github.com/BargheNo/Backend/internal/application/service/corporation_service_impl.go:205.17,206.14 1 0
github.com/BargheNo/Backend/internal/application/service/corporation_service_impl.go:211.119,215.12 3 0
github.com/BargheNo/Backend/internal/application/service/corporation_service_impl.go:215.12,220.24 2 0
github.com/BargheNo/Backend/internal/application/service/corporation_service_impl.go:222.2,226.119 3 0
github.com/BargheNo/Backend/internal/application/service/corporation_service_impl.go:226.119,227.13 1 0
github.com/BargheNo/Backend/internal/application/service/corporation_service_impl.go:230.2,230.105 1 0
github.com/BargheNo/Backend/internal/application/service/corporation_service_impl.go:233.158,236.17 3 0
github.com/BargheNo/Backend/internal/application/service/corporation_service_impl.go:236.17,238.12 2 0
github.com/BargheNo/Backend/internal/application/service/corporation_service_impl.go:238.12,240.4 1 0
github.com/BargheNo/Backend/internal/application/service/corporation_service_impl.go:241.3,241.27 1 0
github.com/BargheNo/Backend/internal/application/service/corporation_service_impl.go:244.2,244.23 1 0
github.com/BargheNo/Backend/internal/application/service/corporation_service_impl.go:244.23,246.12 2 0
github.com/BargheNo/Backend/internal/application/service/corporation_service_impl.go:246.12,248.4 1 0
github.com/BargheNo/Backend/internal/application/service/corporation_service_impl.go:249.3,249.39 1 0
github.com/BargheNo/Backend/internal/application/service/corporation_service_impl.go:252.2,252.31 1 0
github.com/BargheNo/Backend/internal/application/service/corporation_service_impl.go:252.31,254.12 2 0
github.com/BargheNo/Backend/internal/application/service/corporation_service_impl.go:254.12,256.4 1 0
github.com/BargheNo/Backend/internal/application/service/corporation_service_impl.go:257.3,257.55 1 0
github.com/BargheNo/Backend/internal/application/service/corporation_service_impl.go:260.2,260.17 1 0
github.com/BargheNo/Backend/internal/application/service/corporation_service_impl.go:260.17,262.12 2 0
github.com/BargheNo/Backend/internal/application/service/corporation_service_impl.go:262.12,264.4 1 0
github.com/BargheNo/Backend/internal/application/service/corporation_service_impl.go:265.3,265.27 1 0
github.com/BargheNo/Backend/internal/application/service/corporation_service_impl.go:268.2,268.36 1 0
github.com/BargheNo/Backend/internal/application/service/corporation_service_impl.go:268.36,269.24 1 0
github.com/BargheNo/Backend/internal/application/service/corporation_service_impl.go:273.118,277.12 3 0
github.com/BargheNo/Backend/internal/application/service/corporation_service_impl.go:277.12,282.24 2 0
github.com/BargheNo/Backend/internal/application/service/corporation_service_impl.go:284.2,289.47 4 0
github.com/BargheNo/Backend/internal/application/service/corporation_service_impl.go:289.47,293.32 4 0
github.com/BargheNo/Backend/internal/application/service/corporation_service_impl.go:293.32,295.18 2 0
github.com/BargheNo/Backend/internal/application/service/corporation_service_impl.go:295.18,296.15 1 0
github.com/BargheNo/Backend/internal/application/service/corporation_service_impl.go:301.2,301.44 1 0
github.com/BargheNo/Backend/internal/application/service/corporation_service_impl.go:301.44,305.38 4 0
github.com/BargheNo/Backend/internal/application/service/corporation_service_impl.go:305.38,307.18 2 0
github.com/BargheNo/Backend/internal/application/service/corporation_service_impl.go:307.18,308.15 1 0
github.com/BargheNo/Backend/internal/application/service/corporation_service_impl.go:312.2,313.16 2 0
github.com/BargheNo/Backend/internal/application/service/corporation_service_impl.go:313.16,314.13 1 0
github.com/BargheNo/Backend/internal/application/service/corporation_service_impl.go:318.119,322.12 3 0
github.com/BargheNo/Backend/internal/application/service/corporation_service_impl.go:322.12,327.24 2 0
github.com/BargheNo/Backend/internal/application/service/corporation_service_impl.go:329.2,331.57 2 0
github.com/BargheNo/Backend/internal/application/service/corporation_service_impl.go:331.57,333.13 2 0
github.com/BargheNo/Backend/internal/application/service/corporation_service_impl.go:333.13,334.12 1 0
github.com/BargheNo/Backend/internal/application/service/corporation_service_impl.go:336.3,337.12 2 0
github.com/BargheNo/Backend/internal/application/service/corporation_service_impl.go:337.12,338.12 1 0
github.com/BargheNo/Backend/internal/application/service/corporation_service_impl.go:340.3,346.17 3 0
github.com/BargheNo/Backend/internal/application/service/corporation_service_impl.go:346.17,347.14 1 0
github.com/BargheNo/Backend/internal/application/service/corporation_service_impl.go:352.125,356.12 3 0
github.com/BargheNo/Backend/internal/application/service/corporation_service_impl.go:356.12,361.24 2 0
github.com/BargheNo/Backend/internal/application/service/corporation_service_impl.go:363.2,366.12 3 0
github.com/BargheNo/Backend/internal/application/service/corporation_service_impl.go:366.12,368.23 2 0
github.com/BargheNo/Backend/internal/application/service/corporation_service_impl.go:371.2,371.115 1 0
github.com/BargheNo/Backend/internal/application/service/corporation_service_impl.go:371.115,372.13 1 0
github.com/BargheNo/Backend/internal/application/service/corporation_service_impl.go:376.169,382.46 5 0
github.com/BargheNo/Backend/internal/application/service/corporation_service_impl.go:382.46,384.3 1 0
github.com/BargheNo/Backend/internal/application/service/corporation_service_impl.go:386.2,387.43 2 0
github.com/BargheNo/Backend/internal/application/service/corporation_service_impl.go:387.43,389.3 1 0
github.com/BargheNo/Backend/internal/application/service/corporation_service_impl.go:391.2,392.28 2 0
github.com/BargheNo/Backend/internal/application/service/corporation_service_impl.go:392.28,394.3 1 0
github.com/BargheNo/Backend/internal/application/service/corporation_service_impl.go:396.2,418.3 5 0
github.com/BargheNo/Backend/internal/application/service/corporation_service_impl.go:421.126,424.38 3 0
github.com/BargheNo/Backend/internal/application/service/corporation_service_impl.go:424.38,426.13 2 0
github.com/BargheNo/Backend/internal/application/service/corporation_service_impl.go:426.13,427.12 1 0
github.com/BargheNo/Backend/internal/application/service/corporation_service_impl.go:429.3,433.4 1 0
github.com/BargheNo/Backend/internal/application/service/corporation_service_impl.go:435.2,435.17 1 0
github.com/BargheNo/Backend/internal/application/service/corporation_service_impl.go:438.128,441.40 3 0
github.com/BargheNo/Backend/internal/application/service/corporation_service_impl.go:441.40,448.3 1 0
github.com/BargheNo/Backend/internal/application/service/corporation_service_impl.go:449.2,449.17 1 0
github.com/BargheNo/Backend/internal/application/service/corporation_service_impl.go:452.102,455.36 3 0
github.com/BargheNo/Backend/internal/application/service/corporation_service_impl.go:455.36,460.3 1 0
github.com/BargheNo/Backend/internal/application/service/corporation_service_impl.go:461.2,461.21 1 0
github.com/BargheNo/Backend/internal/application/service/corporation_service_impl.go:464.115,468.12 3 0
github.com/BargheNo/Backend/internal/application/service/corporation_service_impl.go:468.12,473.24 2 0
github.com/BargheNo/Backend/internal/application/service/corporation_service_impl.go:475.2,477.48 2 0
github.com/BargheNo/Backend/internal/application/service/corporation_service_impl.go:477.48,479.3 1 0
github.com/BargheNo/Backend/internal/application/service/corporation_service_impl.go:482.110,486.12 3 0
github.com/BargheNo/Backend/internal/application/service/corporation_service_impl.go:486.12,491.24 2 0
github.com/BargheNo/Backend/internal/application/service/corporation_service_impl.go:493.2,495.72 2 0
github.com/BargheNo/Backend/internal/application/service/corporation_service_impl.go:498.110,502.12 3 0
github.com/BargheNo/Backend/internal/application/service/corporation_service_impl.go:502.12,507.24 2 0
github.com/BargheNo/Backend/internal/application/service/corporation_service_impl.go:509.2,513.35 3 0
github.com/BargheNo/Backend/internal/application/service/corporation_service_impl.go:513.35,517.25 4 0
github.com/BargheNo/Backend/internal/application/service/corporation_service_impl.go:517.25,519.18 2 0
github.com/BargheNo/Backend/internal/application/service/corporation_service_impl.go:519.18,520.15 1 0
github.com/BargheNo/Backend/internal/application/service/corporation_service_impl.go:524.2,525.16 2 0
github.com/BargheNo/Backend/internal/application/service/corporation_service_impl.go:525.16,526.13 1 0
github.com/BargheNo/Backend/internal/application/service/corporation_service_impl.go:530.146,532.2 1 0
github.com/BargheNo/Backend/internal/application/service/corporation_service_impl.go:534.161,541.43 7 0
github.com/BargheNo/Backend/internal/application/service/corporation_service_impl.go:541.43,543.3 1 0
github.com/BargheNo/Backend/internal/application/service/corporation_service_impl.go:544.2,544.17 1 0
github.com/BargheNo/Backend/internal/application/service/installation_service_impl.go:34.24,44.2 1 1
github.com/BargheNo/Backend/internal/application/service/installation_service_impl.go:46.121,48.12 2 1
github.com/BargheNo/Backend/internal/application/service/installation_service_impl.go:48.12,50.23 2 0
github.com/BargheNo/Backend/internal/application/service/installation_service_impl.go:52.2,52.16 1 1
github.com/BargheNo/Backend/internal/application/service/installation_service_impl.go:55.127,60.11 3 1
github.com/BargheNo/Backend/internal/application/service/installation_service_impl.go:60.11,63.24 3 1
github.com/BargheNo/Backend/internal/application/service/installation_service_impl.go:65.2,66.30 2 1
github.com/BargheNo/Backend/internal/application/service/installation_service_impl.go:66.30,68.24 2 1
github.com/BargheNo/Backend/internal/application/service/installation_service_impl.go:71.2,89.16 3 1
github.com/BargheNo/Backend/internal/application/service/installation_service_impl.go:89.16,90.13 1 0
github.com/BargheNo/Backend/internal/application/service/installation_service_impl.go:94.168,102.35 6 1
github.com/BargheNo/Backend/internal/application/service/installation_service_impl.go:102.35,114.3 2 1
github.com/BargheNo/Backend/internal/application/service/installation_service_impl.go:115.2,115.17 1 1
github.com/BargheNo/Backend/internal/application/service/installation_service_impl.go:118.127,133.2 4 1
github.com/BargheNo/Backend/internal/application/service/installation_service_impl.go:135.160,137.56 2 0
github.com/BargheNo/Backend/internal/application/service/installation_service_impl.go:137.56,142.24 2 0
github.com/BargheNo/Backend/internal/application/service/installation_service_impl.go:144.2,155.3 2 0
github.com/BargheNo/Backend/internal/application/service/installation_service_impl.go:158.164,164.35 6 1
github.com/BargheNo/Backend/internal/application/service/installation_service_impl.go:164.35,178.3 3 1
github.com/BargheNo/Backend/internal/application/service/installation_service_impl.go:179.2,179.17 1 0
github.com/BargheNo/Backend/internal/application/service/installation_service_impl.go:182.101,187.11 4 1
github.com/BargheNo/Backend/internal/application/service/installation_service_impl.go:187.11,190.24 3 1
github.com/BargheNo/Backend/internal/application/service/installation_service_impl.go:193.2,214.16 3 1
github.com/BargheNo/Backend/internal/application/service/installation_service_impl.go:214.16,215.13 1 0
github.com/BargheNo/Backend/internal/application/service/installation_service_impl.go:217.2,221.58 2 1
github.com/BargheNo/Backend/internal/application/service/installation_service_impl.go:224.167,230.31 6 0
github.com/BargheNo/Backend/internal/application/service/installation_service_impl.go:230.31,247.3 4 0
github.com/BargheNo/Backend/internal/application/service/installation_service_impl.go:248.2,248.17 1 0
github.com/BargheNo/Backend/internal/application/service/installation_service_impl.go:251.158,256.31 5 0
github.com/BargheNo/Backend/internal/application/service/installation_service_impl.go:256.31,271.3 3 0
github.com/BargheNo/Backend/internal/application/service/installation_service_impl.go:272.2,272.17 1 0
github.com/BargheNo/Backend/internal/application/service/installation_service_impl.go:275.106,277.12 2 0
github.com/BargheNo/Backend/internal/application/service/installation_service_impl.go:277.12,279.23 2 0
github.com/BargheNo/Backend/internal/application/service/installation_service_impl.go:282.2,297.3 4 0
github.com/BargheNo/Backend/internal/application/service/installation_service_impl.go:301.122,303.12 2 0
github.com/BargheNo/Backend/internal/application/service/installation_service_impl.go:303.12,305.23 2 0
github.com/BargheNo/Backend/internal/application/service/installation_service_impl.go:308.2,321.3 3 0
github.com/BargheNo/Backend/internal/application/service/installation_service_impl.go:323.128,325.12 2 0
github.com/BargheNo/Backend/internal/application/service/installation_service_impl.go:325.12,327.23 2 0
github.com/BargheNo/Backend/internal/application/service/installation_service_impl.go:329.2,344.3 4 0
github.com/BargheNo/Backend/internal/application/service/jwt_service_impl.go:21.15,27.16 3 0
github.com/BargheNo/Backend/internal/application/service/jwt_service_impl.go:27.16,28.13 1 0
github.com/BargheNo/Backend/internal/application/service/jwt_service_impl.go:31.2,31.16 1 0
github.com/BargheNo/Backend/internal/application/service/jwt_service_impl.go:34.75,42.16 4 0
github.com/BargheNo/Backend/internal/application/service/jwt_service_impl.go:42.16,43.13 1 0
github.com/BargheNo/Backend/internal/application/service/jwt_service_impl.go:46.2,53.16 4 0
github.com/BargheNo/Backend/internal/application/service/jwt_service_impl.go:53.16,54.13 1 0
github.com/BargheNo/Backend/internal/application/service/jwt_service_impl.go:57.2,57.46 1 0
github.com/BargheNo/Backend/internal/application/service/jwt_service_impl.go:60.88,61.83 1 0
github.com/BargheNo/Backend/internal/application/service/jwt_service_impl.go:61.83,62.57 1 0
github.com/BargheNo/Backend/internal/application/service/jwt_service_impl.go:62.57,64.4 1 0
github.com/BargheNo/Backend/internal/application/service/jwt_service_impl.go:65.3,65.51 1 0
github.com/BargheNo/Backend/internal/application/service/jwt_service_impl.go:68.2,68.16 1 0
github.com/BargheNo/Backend/internal/application/service/jwt_service_impl.go:68.16,69.42 1 0
github.com/BargheNo/Backend/internal/application/service/jwt_service_impl.go:69.42,71.4 1 0
github.com/BargheNo/Backend/internal/application/service/jwt_service_impl.go:72.3,72.50 1 0
github.com/BargheNo/Backend/internal/application/service/jwt_service_impl.go:75.2,75.18 1 0
github.com/BargheNo/Backend/internal/application/service/jwt_service_impl.go:75.18,77.3 1 0
github.com/BargheNo/Backend/internal/application/service/jwt_service_impl.go:79.2,80.9 2 0
github.com/BargheNo/Backend/internal/application/service/jwt_service_impl.go:80.9,82.3 1 0
github.com/BargheNo/Backend/internal/application/service/jwt_service_impl.go:84.2,84.20 1 0
github.com/BargheNo/Backend/internal/application/service/maintenance_service_impl.go:33.23,43.2 1 0
github.com/BargheNo/Backend/internal/application/service/maintenance_service_impl.go:45.122,48.12 3 0
github.com/BargheNo/Backend/internal/application/service/maintenance_service_impl.go:48.12,53.24 2 0
github.com/BargheNo/Backend/internal/application/service/maintenance_service_impl.go:55.2,58.46 3 0
github.com/BargheNo/Backend/internal/application/service/maintenance_service_impl.go:58.46,63.24 2 0
github.com/BargheNo/Backend/internal/application/service/maintenance_service_impl.go:66.2,67.46 2 0
github.com/BargheNo/Backend/internal/application/service/maintenance_service_impl.go:67.46,68.61 1 0
github.com/BargheNo/Backend/internal/application/service/maintenance_service_impl.go:68.61,70.25 2 0
github.com/BargheNo/Backend/internal/application/service/maintenance_service_impl.go:74.2,84.16 3 0
github.com/BargheNo/Backend/internal/application/service/maintenance_service_impl.go:84.16,85.13 1 0
github.com/BargheNo/Backend/internal/application/service/maintenance_service_impl.go:89.178,95.46 6 0
github.com/BargheNo/Backend/internal/application/service/maintenance_service_impl.go:95.46,109.3 3 0
github.com/BargheNo/Backend/internal/application/service/maintenance_service_impl.go:110.2,110.17 1 0
github.com/BargheNo/Backend/internal/application/service/maintenance_service_impl.go:113.188,120.46 7 0
github.com/BargheNo/Backend/internal/application/service/maintenance_service_impl.go:120.46,132.3 2 0
github.com/BargheNo/Backend/internal/application/service/maintenance_service_impl.go:133.2,133.17 1 0
github.com/BargheNo/Backend/internal/application/service/maintenance_service_impl.go:136.109,139.20 3 0
github.com/BargheNo/Backend/internal/application/service/maintenance_service_impl.go:139.20,141.23 2 0
github.com/BargheNo/Backend/internal/application/service/maintenance_service_impl.go:143.2,143.60 1 0
github.com/BargheNo/Backend/internal/application/service/maintenance_service_impl.go:143.60,148.24 2 0
github.com/BargheNo/Backend/internal/application/service/maintenance_service_impl.go:150.2,150.30 1 0
github.com/BargheNo/Backend/internal/application/service/maintenance_service_impl.go:150.30,152.3 1 0
github.com/BargheNo/Backend/internal/application/service/maintenance_service_impl.go:152.8,154.3 1 0
github.com/BargheNo/Backend/internal/application/service/maintenance_service_impl.go:155.2,156.16 2 0
github.com/BargheNo/Backend/internal/application/service/maintenance_service_impl.go:156.16,157.13 1 0
github.com/BargheNo/Backend/internal/application/service/maintenance_service_impl.go:161.124,175.16 5 0
github.com/BargheNo/Backend/internal/application/service/maintenance_service_impl.go:175.16,176.13 1 0
github.com/BargheNo/Backend/internal/application/service/maintenance_service_impl.go:180.196,186.44 6 0
github.com/BargheNo/Backend/internal/application/service/maintenance_service_impl.go:186.44,197.3 3 0
github.com/BargheNo/Backend/internal/application/service/maintenance_service_impl.go:198.2,198.17 1 0
github.com/BargheNo/Backend/internal/application/service/maintenance_service_impl.go:201.212,208.44 7 0
github.com/BargheNo/Backend/internal/application/service/maintenance_service_impl.go:208.44,219.3 3 0
github.com/BargheNo/Backend/internal/application/service/maintenance_service_impl.go:220.2,220.17 1 0
github.com/BargheNo/Backend/internal/application/service/maintenance_service_impl.go:223.179,229.44 6 0
github.com/BargheNo/Backend/internal/application/service/maintenance_service_impl.go:229.44,242.3 4 0
github.com/BargheNo/Backend/internal/application/service/maintenance_service_impl.go:243.2,243.17 1 0
github.com/BargheNo/Backend/internal/application/service/maintenance_service_impl.go:246.203,253.44 7 0
github.com/BargheNo/Backend/internal/application/service/maintenance_service_impl.go:253.44,266.3 4 0
github.com/BargheNo/Backend/internal/application/service/maintenance_service_impl.go:267.2,267.17 1 0
github.com/BargheNo/Backend/internal/application/service/maintenance_service_impl.go:270.139,272.19 2 0
github.com/BargheNo/Backend/internal/application/service/maintenance_service_impl.go:272.19,274.23 2 0
github.com/BargheNo/Backend/internal/application/service/maintenance_service_impl.go:276.2,290.17 6 0
github.com/BargheNo/Backend/internal/application/service/notification_service_impl.go:31.24,39.2 1 0
github.com/BargheNo/Backend/internal/application/service/notification_service_impl.go:44.3,47.16 3 0
github.com/BargheNo/Backend/internal/application/service/notification_service_impl.go:47.16,48.13 1 0
github.com/BargheNo/Backend/internal/application/service/notification_service_impl.go:51.2,59.16 3 0
github.com/BargheNo/Backend/internal/application/service/notification_service_impl.go:59.16,60.13 1 0
github.com/BargheNo/Backend/internal/application/service/notification_service_impl.go:63.2,64.12 2 0
github.com/BargheNo/Backend/internal/application/service/notification_service_impl.go:64.12,66.3 1 0
github.com/BargheNo/Backend/internal/application/service/notification_service_impl.go:68.2,68.29 1 0
github.com/BargheNo/Backend/internal/application/service/notification_service_impl.go:68.29,69.76 1 0
github.com/BargheNo/Backend/internal/application/service/notification_service_impl.go:69.76,70.14 1 0
github.com/BargheNo/Backend/internal/application/service/notification_service_impl.go:75.107,77.12 2 0
github.com/BargheNo/Backend/internal/application/service/notification_service_impl.go:77.12,79.3 1 0
github.com/BargheNo/Backend/internal/application/service/notification_service_impl.go:81.2,82.93 2 0
github.com/BargheNo/Backend/internal/application/service/notification_service_impl.go:82.93,84.3 1 0
github.com/BargheNo/Backend/internal/application/service/notification_service_impl.go:86.2,97.16 3 0
github.com/BargheNo/Backend/internal/application/service/notification_service_impl.go:97.16,99.3 1 0
github.com/BargheNo/Backend/internal/application/service/notification_service_impl.go:101.2,103.12 2 0
github.com/BargheNo/Backend/internal/application/service/notification_service_impl.go:106.118,108.12 2 0
github.com/BargheNo/Backend/internal/application/service/notification_service_impl.go:108.12,110.23 2 0
github.com/BargheNo/Backend/internal/application/service/notification_service_impl.go:112.2,112.57 1 0
github.com/BargheNo/Backend/internal/application/service/notification_service_impl.go:112.57,117.24 2 0
github.com/BargheNo/Backend/internal/application/service/notification_service_impl.go:119.2,122.16 3 0
github.com/BargheNo/Backend/internal/application/service/notification_service_impl.go:122.16,123.13 1 0
github.com/BargheNo/Backend/internal/application/service/notification_service_impl.go:127.126,133.45 4 0
github.com/BargheNo/Backend/internal/application/service/notification_service_impl.go:133.45,135.13 2 0
github.com/BargheNo/Backend/internal/application/service/notification_service_impl.go:135.13,136.12 1 0
github.com/BargheNo/Backend/internal/application/service/notification_service_impl.go:138.3,143.4 1 0
github.com/BargheNo/Backend/internal/application/service/notification_service_impl.go:145.2,145.30 1 0
github.com/BargheNo/Backend/internal/application/service/notification_service_impl.go:148.89,151.53 3 0
github.com/BargheNo/Backend/internal/application/service/notification_service_impl.go:151.53,159.17 3 0
github.com/BargheNo/Backend/internal/application/service/notification_service_impl.go:159.17,160.14 1 0
github.com/BargheNo/Backend/internal/application/service/notification_service_impl.go:165.136,171.35 4 0
github.com/BargheNo/Backend/internal/application/service/notification_service_impl.go:171.35,173.13 2 0
github.com/BargheNo/Backend/internal/application/service/notification_service_impl.go:173.13,174.12 1 0
github.com/BargheNo/Backend/internal/application/service/notification_service_impl.go:176.3,182.4 1 0
github.com/BargheNo/Backend/internal/application/service/notification_service_impl.go:184.2,184.25 1 0
github.com/BargheNo/Backend/internal/application/service/notification_service_impl.go:187.130,190.12 3 0
github.com/BargheNo/Backend/internal/application/service/notification_service_impl.go:190.12,192.23 2 0
github.com/BargheNo/Backend/internal/application/service/notification_service_impl.go:194.2,196.103 3 0
github.com/BargheNo/Backend/internal/application/service/otp_service_impl.go:23.15,29.2 1 0
github.com/BargheNo/Backend/internal/application/service/otp_service_impl.go:33.59,36.38 3 0
github.com/BargheNo/Backend/internal/application/service/otp_service_impl.go:36.38,37.13 1 0
github.com/BargheNo/Backend/internal/application/service/otp_service_impl.go:39.2,39.32 1 0
github.com/BargheNo/Backend/internal/application/service/otp_service_impl.go:39.32,41.3 1 0
github.com/BargheNo/Backend/internal/application/service/otp_service_impl.go:42.2,42.55 1 0
github.com/BargheNo/Backend/internal/application/service/otp_service_impl.go:45.69,49.12 3 0
github.com/BargheNo/Backend/internal/application/service/otp_service_impl.go:49.12,52.3 2 0
github.com/BargheNo/Backend/internal/application/service/otp_service_impl.go:53.2,53.46 1 0
github.com/BargheNo/Backend/internal/application/service/otp_service_impl.go:53.46,55.3 1 0
github.com/BargheNo/Backend/internal/application/service/otp_service_impl.go:56.2,57.25 2 0
github.com/BargheNo/Backend/internal/application/service/report_service_impl.go:31.18,40.2 1 0
github.com/BargheNo/Backend/internal/application/service/report_service_impl.go:42.104,55.16 5 0
github.com/BargheNo/Backend/internal/application/service/report_service_impl.go:55.16,56.13 1 0
github.com/BargheNo/Backend/internal/application/service/report_service_impl.go:60.98,72.16 5 0
github.com/BargheNo/Backend/internal/application/service/report_service_impl.go:72.16,73.13 1 0
github.com/BargheNo/Backend/internal/application/service/report_service_impl.go:77.138,83.33 6 0
github.com/BargheNo/Backend/internal/application/service/report_service_impl.go:83.33,91.3 2 0
github.com/BargheNo/Backend/internal/application/service/report_service_impl.go:93.2,93.24 1 0
github.com/BargheNo/Backend/internal/application/service/report_service_impl.go:96.126,102.33 6 0
github.com/BargheNo/Backend/internal/application/service/report_service_impl.go:102.33,109.3 2 0
github.com/BargheNo/Backend/internal/application/service/report_service_impl.go:111.2,111.24 1 0
github.com/BargheNo/Backend/internal/application/service/report_service_impl.go:114.95,117.12 3 0
github.com/BargheNo/Backend/internal/application/service/report_service_impl.go:117.12,119.23 2 0
github.com/BargheNo/Backend/internal/application/service/report_service_impl.go:121.2,121.48 1 0
github.com/BargheNo/Backend/internal/application/service/report_service_impl.go:121.48,124.24 3 0
github.com/BargheNo/Backend/internal/application/service/report_service_impl.go:126.2,128.16 3 0
github.com/BargheNo/Backend/internal/application/service/report_service_impl.go:128.16,129.13 1 0
github.com/BargheNo/Backend/internal/application/service/ticket_service_impl.go:33.18,41.2 1 0
github.com/BargheNo/Backend/internal/application/service/ticket_service_impl.go:43.101,54.16 4 0
github.com/BargheNo/Backend/internal/application/service/ticket_service_impl.go:54.16,55.13 1 0
github.com/BargheNo/Backend/internal/application/service/ticket_service_impl.go:58.2,58.30 1 0
github.com/BargheNo/Backend/internal/application/service/ticket_service_impl.go:58.30,62.3 3 0
github.com/BargheNo/Backend/internal/application/service/ticket_service_impl.go:64.2,65.16 2 0
github.com/BargheNo/Backend/internal/application/service/ticket_service_impl.go:65.16,66.13 1 0
github.com/BargheNo/Backend/internal/application/service/ticket_service_impl.go:70.124,76.33 6 0
github.com/BargheNo/Backend/internal/application/service/ticket_service_impl.go:76.33,90.25 3 0
github.com/BargheNo/Backend/internal/application/service/ticket_service_impl.go:90.25,93.4 2 0
github.com/BargheNo/Backend/internal/application/service/ticket_service_impl.go:95.2,95.18 1 0
github.com/BargheNo/Backend/internal/application/service/ticket_service_impl.go:98.115,101.12 3 0
github.com/BargheNo/Backend/internal/application/service/ticket_service_impl.go:101.12,103.23 2 0
github.com/BargheNo/Backend/internal/application/service/ticket_service_impl.go:105.2,105.43 1 0
github.com/BargheNo/Backend/internal/application/service/ticket_service_impl.go:105.43,110.24 2 0
github.com/BargheNo/Backend/internal/application/service/ticket_service_impl.go:113.2,113.48 1 0
github.com/BargheNo/Backend/internal/application/service/ticket_service_impl.go:113.48,116.24 3 0
github.com/BargheNo/Backend/internal/application/service/ticket_service_impl.go:119.2,126.16 3 0
github.com/BargheNo/Backend/internal/application/service/ticket_service_impl.go:126.16,127.13 1 0
github.com/BargheNo/Backend/internal/application/service/ticket_service_impl.go:131.145,134.12 3 0
github.com/BargheNo/Backend/internal/application/service/ticket_service_impl.go:134.12,136.23 2 0
github.com/BargheNo/Backend/internal/application/service/ticket_service_impl.go:139.2,139.43 1 0
github.com/BargheNo/Backend/internal/application/service/ticket_service_impl.go:139.43,144.24 2 0
github.com/BargheNo/Backend/internal/application/service/ticket_service_impl.go:147.2,152.35 5 0
github.com/BargheNo/Backend/internal/application/service/ticket_service_impl.go:152.35,163.3 2 0
github.com/BargheNo/Backend/internal/application/service/ticket_service_impl.go:164.2,164.18 1 0
github.com/BargheNo/Backend/internal/application/service/ticket_service_impl.go:167.112,170.12 3 0
github.com/BargheNo/Backend/internal/application/service/ticket_service_impl.go:170.12,172.23 2 0
github.com/BargheNo/Backend/internal/application/service/ticket_service_impl.go:175.2,175.48 1 0
github.com/BargheNo/Backend/internal/application/service/ticket_service_impl.go:175.48,178.24 3 0
github.com/BargheNo/Backend/internal/application/service/ticket_service_impl.go:181.2,188.16 3 0
github.com/BargheNo/Backend/internal/application/service/ticket_service_impl.go:188.16,189.13 1 0
github.com/BargheNo/Backend/internal/application/service/ticket_service_impl.go:193.121,199.33 6 0
github.com/BargheNo/Backend/internal/application/service/ticket_service_impl.go:199.33,213.25 3 0
github.com/BargheNo/Backend/internal/application/service/ticket_service_impl.go:213.25,216.4 2 0
github.com/BargheNo/Backend/internal/application/service/ticket_service_impl.go:218.2,218.18 1 0
github.com/BargheNo/Backend/internal/application/service/ticket_service_impl.go:221.142,223.12 2 0
github.com/BargheNo/Backend/internal/application/service/ticket_service_impl.go:223.12,225.23 2 0
github.com/BargheNo/Backend/internal/application/service/ticket_service_impl.go:228.2,233.35 5 0
github.com/BargheNo/Backend/internal/application/service/ticket_service_impl.go:233.35,244.3 2 0
github.com/BargheNo/Backend/internal/application/service/ticket_service_impl.go:245.2,245.18 1 0
github.com/BargheNo/Backend/internal/application/service/ticket_service_impl.go:248.95,251.12 3 0
github.com/BargheNo/Backend/internal/application/service/ticket_service_impl.go:251.12,253.23 2 0
github.com/BargheNo/Backend/internal/application/service/ticket_service_impl.go:256.2,256.48 1 0
github.com/BargheNo/Backend/internal/application/service/ticket_service_impl.go:256.48,259.24 3 0
github.com/BargheNo/Backend/internal/application/service/ticket_service_impl.go:262.2,264.16 3 0
github.com/BargheNo/Backend/internal/application/service/ticket_service_impl.go:264.16,265.13 1 0
github.com/BargheNo/Backend/internal/application/service/user_service_impl.go:47.56,59.2 1 0
github.com/BargheNo/Backend/internal/application/service/user_service_impl.go:61.115,63.14 2 0
github.com/BargheNo/Backend/internal/application/service/user_service_impl.go:63.14,65.3 1 0
github.com/BargheNo/Backend/internal/application/service/user_service_impl.go:68.75,78.32 8 0
github.com/BargheNo/Backend/internal/application/service/user_service_impl.go:78.32,80.3 1 0
github.com/BargheNo/Backend/internal/application/service/user_service_impl.go:81.2,81.24 1 0
github.com/BargheNo/Backend/internal/application/service/user_service_impl.go:81.24,83.3 1 0
github.com/BargheNo/Backend/internal/application/service/user_service_impl.go:84.2,84.12 1 0
github.com/BargheNo/Backend/internal/application/service/user_service_impl.go:87.76,91.11 4 0
github.com/BargheNo/Backend/internal/application/service/user_service_impl.go:91.11,94.3 2 0
github.com/BargheNo/Backend/internal/application/service/user_service_impl.go:96.2,97.37 2 0
github.com/BargheNo/Backend/internal/application/service/user_service_impl.go:97.37,100.3 2 0
github.com/BargheNo/Backend/internal/application/service/user_service_impl.go:102.2,102.12 1 0
github.com/BargheNo/Backend/internal/application/service/user_service_impl.go:105.76,109.11 4 0
github.com/BargheNo/Backend/internal/application/service/user_service_impl.go:109.11,112.3 2 0
github.com/BargheNo/Backend/internal/application/service/user_service_impl.go:114.2,115.37 2 0
github.com/BargheNo/Backend/internal/application/service/user_service_impl.go:115.37,118.3 2 0
github.com/BargheNo/Backend/internal/application/service/user_service_impl.go:120.2,120.12 1 0
github.com/BargheNo/Backend/internal/application/service/user_service_impl.go:123.110,125.16 2 0
github.com/BargheNo/Backend/internal/application/service/user_service_impl.go:125.16,126.13 1 0
github.com/BargheNo/Backend/internal/application/service/user_service_impl.go:129.2,132.16 4 0
github.com/BargheNo/Backend/internal/application/service/user_service_impl.go:132.16,133.13 1 0
github.com/BargheNo/Backend/internal/application/service/user_service_impl.go:136.2,149.77 2 0
github.com/BargheNo/Backend/internal/application/service/user_service_impl.go:152.60,154.16 2 0
github.com/BargheNo/Backend/internal/application/service/user_service_impl.go:154.16,156.23 2 0
github.com/BargheNo/Backend/internal/application/service/user_service_impl.go:160.64,162.16 2 0
github.com/BargheNo/Backend/internal/application/service/user_service_impl.go:162.16,164.23 2 0
github.com/BargheNo/Backend/internal/application/service/user_service_impl.go:166.2,167.17 2 0
github.com/BargheNo/Backend/internal/application/service/user_service_impl.go:170.91,172.16 2 0
github.com/BargheNo/Backend/internal/application/service/user_service_impl.go:172.16,174.23 2 0
github.com/BargheNo/Backend/internal/application/service/user_service_impl.go:176.2,177.31 2 0
github.com/BargheNo/Backend/internal/application/service/user_service_impl.go:177.31,179.3 1 0
github.com/BargheNo/Backend/internal/application/service/user_service_impl.go:180.2,189.3 1 0
github.com/BargheNo/Backend/internal/application/service/user_service_impl.go:192.85,194.16 2 0
github.com/BargheNo/Backend/internal/application/service/user_service_impl.go:194.16,195.13 1 0
github.com/BargheNo/Backend/internal/application/service/user_service_impl.go:198.2,199.16 2 0
github.com/BargheNo/Backend/internal/application/service/user_service_impl.go:199.16,200.13 1 0
github.com/BargheNo/Backend/internal/application/service/user_service_impl.go:203.2,204.16 2 0
github.com/BargheNo/Backend/internal/application/service/user_service_impl.go:204.16,205.13 1 0
github.com/BargheNo/Backend/internal/application/service/user_service_impl.go:208.2,209.16 2 0
github.com/BargheNo/Backend/internal/application/service/user_service_impl.go:209.16,210.13 1 0
github.com/BargheNo/Backend/internal/application/service/user_service_impl.go:213.2,223.16 3 0
github.com/BargheNo/Backend/internal/application/service/user_service_impl.go:223.16,224.13 1 0
github.com/BargheNo/Backend/internal/application/service/user_service_impl.go:227.2,230.16 4 0
github.com/BargheNo/Backend/internal/application/service/user_service_impl.go:230.16,231.13 1 0
github.com/BargheNo/Backend/internal/application/service/user_service_impl.go:236.84,238.16 2 0
github.com/BargheNo/Backend/internal/application/service/user_service_impl.go:238.16,240.23 2 0
github.com/BargheNo/Backend/internal/application/service/user_service_impl.go:242.2,242.24 1 0
github.com/BargheNo/Backend/internal/application/service/user_service_impl.go:242.24,245.24 3 0
github.com/BargheNo/Backend/internal/application/service/user_service_impl.go:248.2,250.16 3 0
github.com/BargheNo/Backend/internal/application/service/user_service_impl.go:250.16,251.13 1 0
github.com/BargheNo/Backend/internal/application/service/user_service_impl.go:253.2,255.16 3 0
github.com/BargheNo/Backend/internal/application/service/user_service_impl.go:255.16,256.13 1 0
github.com/BargheNo/Backend/internal/application/service/user_service_impl.go:260.101,262.87 2 0
github.com/BargheNo/Backend/internal/application/service/user_service_impl.go:262.87,263.13 1 0
github.com/BargheNo/Backend/internal/application/service/user_service_impl.go:265.2,265.34 1 0
github.com/BargheNo/Backend/internal/application/service/user_service_impl.go:265.34,268.3 2 0
github.com/BargheNo/Backend/internal/application/service/user_service_impl.go:269.2,269.20 1 0
github.com/BargheNo/Backend/internal/application/service/user_service_impl.go:272.96,274.16 2 0
github.com/BargheNo/Backend/internal/application/service/user_service_impl.go:274.16,276.23 2 0
github.com/BargheNo/Backend/internal/application/service/user_service_impl.go:278.2,278.25 1 0
github.com/BargheNo/Backend/internal/application/service/user_service_impl.go:278.25,281.24 3 0
github.com/BargheNo/Backend/internal/application/service/user_service_impl.go:283.2,284.16 2 0
github.com/BargheNo/Backend/internal/application/service/user_service_impl.go:284.16,286.19 2 0
github.com/BargheNo/Backend/internal/application/service/user_service_impl.go:288.2,296.3 3 0
github.com/BargheNo/Backend/internal/application/service/user_service_impl.go:299.98,301.16 2 0
github.com/BargheNo/Backend/internal/application/service/user_service_impl.go:301.16,303.23 2 0
github.com/BargheNo/Backend/internal/application/service/user_service_impl.go:305.2,305.25 1 0
github.com/BargheNo/Backend/internal/application/service/user_service_impl.go:305.25,308.24 3 0
github.com/BargheNo/Backend/internal/application/service/user_service_impl.go:310.2,313.16 4 0
github.com/BargheNo/Backend/internal/application/service/user_service_impl.go:313.16,314.13 1 0
github.com/BargheNo/Backend/internal/application/service/user_service_impl.go:319.107,321.16 2 0
github.com/BargheNo/Backend/internal/application/service/user_service_impl.go:321.16,323.23 2 0
github.com/BargheNo/Backend/internal/application/service/user_service_impl.go:325.2,325.25 1 0
github.com/BargheNo/Backend/internal/application/service/user_service_impl.go:325.25,328.24 3 0
github.com/BargheNo/Backend/internal/application/service/user_service_impl.go:330.2,332.16 3 0
github.com/BargheNo/Backend/internal/application/service/user_service_impl.go:332.16,333.13 1 0
github.com/BargheNo/Backend/internal/application/service/user_service_impl.go:336.2,344.3 3 0
github.com/BargheNo/Backend/internal/application/service/user_service_impl.go:347.104,349.16 2 0
github.com/BargheNo/Backend/internal/application/service/user_service_impl.go:349.16,351.23 2 0
github.com/BargheNo/Backend/internal/application/service/user_service_impl.go:353.2,353.38 1 0
github.com/BargheNo/Backend/internal/application/service/user_service_impl.go:353.38,355.3 1 0
github.com/BargheNo/Backend/internal/application/service/user_service_impl.go:356.2,359.44 4 0
github.com/BargheNo/Backend/internal/application/service/user_service_impl.go:359.44,363.3 3 0
github.com/BargheNo/Backend/internal/application/service/user_service_impl.go:364.2,365.16 2 0
github.com/BargheNo/Backend/internal/application/service/user_service_impl.go:365.16,366.13 1 0
github.com/BargheNo/Backend/internal/application/service/user_service_impl.go:370.84,373.16 3 0
github.com/BargheNo/Backend/internal/application/service/user_service_impl.go:373.16,375.23 2 0
github.com/BargheNo/Backend/internal/application/service/user_service_impl.go:377.2,377.25 1 0
github.com/BargheNo/Backend/internal/application/service/user_service_impl.go:377.25,379.24 2 0
github.com/BargheNo/Backend/internal/application/service/user_service_impl.go:381.2,381.24 1 0
github.com/BargheNo/Backend/internal/application/service/user_service_impl.go:381.24,383.24 2 0
github.com/BargheNo/Backend/internal/application/service/user_service_impl.go:386.2,388.16 3 0
github.com/BargheNo/Backend/internal/application/service/user_service_impl.go:388.16,389.13 1 0
github.com/BargheNo/Backend/internal/application/service/user_service_impl.go:391.2,393.16 3 0
github.com/BargheNo/Backend/internal/application/service/user_service_impl.go:393.16,394.13 1 0
github.com/BargheNo/Backend/internal/application/service/user_service_impl.go:398.91,400.16 2 0
github.com/BargheNo/Backend/internal/application/service/user_service_impl.go:400.16,402.23 2 0
github.com/BargheNo/Backend/internal/application/service/user_service_impl.go:404.2,404.25 1 0
github.com/BargheNo/Backend/internal/application/service/user_service_impl.go:404.25,407.24 3 0
github.com/BargheNo/Backend/internal/application/service/user_service_impl.go:410.2,410.79 1 0
github.com/BargheNo/Backend/internal/application/service/user_service_impl.go:410.79,411.13 1 0
github.com/BargheNo/Backend/internal/application/service/user_service_impl.go:414.2,415.16 2 0
github.com/BargheNo/Backend/internal/application/service/user_service_impl.go:415.16,416.13 1 0
github.com/BargheNo/Backend/internal/application/service/user_service_impl.go:419.2,421.16 3 0
github.com/BargheNo/Backend/internal/application/service/user_service_impl.go:421.16,422.13 1 0
github.com/BargheNo/Backend/internal/application/service/user_service_impl.go:426.84,428.16 2 0
github.com/BargheNo/Backend/internal/application/service/user_service_impl.go:428.16,430.23 2 0
github.com/BargheNo/Backend/internal/application/service/user_service_impl.go:432.2,432.25 1 0
github.com/BargheNo/Backend/internal/application/service/user_service_impl.go:432.25,435.24 3 0
github.com/BargheNo/Backend/internal/application/service/user_service_impl.go:437.2,439.3 1 0
github.com/BargheNo/Backend/internal/application/service/user_service_impl.go:442.89,444.16 2 0
github.com/BargheNo/Backend/internal/application/service/user_service_impl.go:444.16,446.23 2 0
github.com/BargheNo/Backend/internal/application/service/user_service_impl.go:449.2,449.34 1 0
github.com/BargheNo/Backend/internal/application/service/user_service_impl.go:449.34,451.3 1 0
github.com/BargheNo/Backend/internal/application/service/user_service_impl.go:452.2,452.33 1 0
github.com/BargheNo/Backend/internal/application/service/user_service_impl.go:452.33,454.3 1 0
github.com/BargheNo/Backend/internal/application/service/user_service_impl.go:455.2,455.66 1 0
github.com/BargheNo/Backend/internal/application/service/user_service_impl.go:455.66,459.3 3 0
github.com/BargheNo/Backend/internal/application/service/user_service_impl.go:460.2,460.37 1 0
github.com/BargheNo/Backend/internal/application/service/user_service_impl.go:460.37,462.3 1 0
github.com/BargheNo/Backend/internal/application/service/user_service_impl.go:463.2,463.35 1 0
github.com/BargheNo/Backend/internal/application/service/user_service_impl.go:463.35,467.17 4 0
github.com/BargheNo/Backend/internal/application/service/user_service_impl.go:467.17,469.4 1 0
github.com/BargheNo/Backend/internal/application/service/user_service_impl.go:470.3,470.39 1 0
github.com/BargheNo/Backend/internal/application/service/user_service_impl.go:472.2,473.16 2 0
github.com/BargheNo/Backend/internal/application/service/user_service_impl.go:473.16,474.13 1 0
github.com/BargheNo/Backend/internal/application/service/user_service_impl.go:478.82,481.41 3 0
github.com/BargheNo/Backend/internal/application/service/user_service_impl.go:481.41,488.3 1 0
github.com/BargheNo/Backend/internal/application/service/user_service_impl.go:489.2,489.28 1 0
github.com/BargheNo/Backend/internal/application/service/user_service_impl.go:492.100,493.93 1 0
github.com/BargheNo/Backend/internal/application/service/user_service_impl.go:493.93,494.13 1 0
github.com/BargheNo/Backend/internal/application/service/user_service_impl.go:496.2,497.46 2 0
github.com/BargheNo/Backend/internal/application/service/user_service_impl.go:497.46,504.3 1 0
github.com/BargheNo/Backend/internal/application/service/user_service_impl.go:505.2,505.20 1 0
github.com/BargheNo/Backend/internal/application/service/user_service_impl.go:508.70,511.29 3 0
github.com/BargheNo/Backend/internal/application/service/user_service_impl.go:511.29,517.3 1 0
github.com/BargheNo/Backend/internal/application/service/user_service_impl.go:518.2,518.22 1 0
github.com/BargheNo/Backend/internal/application/service/user_service_impl.go:521.83,523.11 2 0
github.com/BargheNo/Backend/internal/application/service/user_service_impl.go:523.11,526.24 3 0
github.com/BargheNo/Backend/internal/application/service/user_service_impl.go:528.2,532.16 3 0
github.com/BargheNo/Backend/internal/application/service/user_service_impl.go:532.16,533.13 1 0
github.com/BargheNo/Backend/internal/application/service/user_service_impl.go:536.2,537.60 2 0
github.com/BargheNo/Backend/internal/application/service/user_service_impl.go:537.60,538.40 1 0
github.com/BargheNo/Backend/internal/application/service/user_service_impl.go:538.40,539.12 1 0
github.com/BargheNo/Backend/internal/application/service/user_service_impl.go:541.3,542.13 2 0
github.com/BargheNo/Backend/internal/application/service/user_service_impl.go:542.13,544.24 2 0
github.com/BargheNo/Backend/internal/application/service/user_service_impl.go:546.3,546.109 1 0
github.com/BargheNo/Backend/internal/application/service/user_service_impl.go:546.109,547.14 1 0
github.com/BargheNo/Backend/internal/application/service/user_service_impl.go:549.3,549.43 1 0
github.com/BargheNo/Backend/internal/application/service/user_service_impl.go:553.82,555.12 2 0
github.com/BargheNo/Backend/internal/application/service/user_service_impl.go:555.12,557.23 2 0
github.com/BargheNo/Backend/internal/application/service/user_service_impl.go:559.2,563.3 1 0
github.com/BargheNo/Backend/internal/application/service/user_service_impl.go:566.89,568.12 2 0
github.com/BargheNo/Backend/internal/application/service/user_service_impl.go:568.12,570.23 2 0
github.com/BargheNo/Backend/internal/application/service/user_service_impl.go:572.2,574.29 3 0
github.com/BargheNo/Backend/internal/application/service/user_service_impl.go:574.29,576.32 2 0
github.com/BargheNo/Backend/internal/application/service/user_service_impl.go:576.32,578.4 1 0
github.com/BargheNo/Backend/internal/application/service/user_service_impl.go:579.3,587.4 1 0
github.com/BargheNo/Backend/internal/application/service/user_service_impl.go:589.2,589.18 1 0
github.com/BargheNo/Backend/internal/application/service/user_service_impl.go:592.82,594.12 2 0
github.com/BargheNo/Backend/internal/application/service/user_service_impl.go:594.12,596.23 2 0
github.com/BargheNo/Backend/internal/application/service/user_service_impl.go:598.2,598.87 1 0
github.com/BargheNo/Backend/internal/application/service/user_service_impl.go:598.87,599.13 1 0
github.com/BargheNo/Backend/internal/application/service/user_service_impl.go:601.2,602.34 2 0
github.com/BargheNo/Backend/internal/application/service/user_service_impl.go:602.34,608.3 1 0
github.com/BargheNo/Backend/internal/application/service/user_service_impl.go:609.2,609.14 1 0
github.com/BargheNo/Backend/internal/application/service/user_service_impl.go:612.57,614.12 2 0
github.com/BargheNo/Backend/internal/application/service/user_service_impl.go:614.12,616.23 2 0
github.com/BargheNo/Backend/internal/application/service/user_service_impl.go:618.2,618.86 1 0
github.com/BargheNo/Backend/internal/application/service/user_service_impl.go:618.86,619.13 1 0
github.com/BargheNo/Backend/internal/application/service/user_service_impl.go:623.86,625.12 2 0
github.com/BargheNo/Backend/internal/application/service/user_service_impl.go:625.12,627.23 2 0
github.com/BargheNo/Backend/internal/application/service/user_service_impl.go:630.2,630.32 1 0
github.com/BargheNo/Backend/internal/application/service/user_service_impl.go:630.32,632.85 2 0
github.com/BargheNo/Backend/internal/application/service/user_service_impl.go:632.85,633.14 1 0
github.com/BargheNo/Backend/internal/application/service/user_service_impl.go:637.2,639.60 3 0
github.com/BargheNo/Backend/internal/application/service/user_service_impl.go:639.60,640.40 1 0
github.com/BargheNo/Backend/internal/application/service/user_service_impl.go:640.40,641.12 1 0
github.com/BargheNo/Backend/internal/application/service/user_service_impl.go:643.3,644.13 2 0
github.com/BargheNo/Backend/internal/application/service/user_service_impl.go:644.13,646.24 2 0
github.com/BargheNo/Backend/internal/application/service/user_service_impl.go:648.3,649.43 2 0
github.com/BargheNo/Backend/internal/application/service/user_service_impl.go:651.2,651.109 1 0
github.com/BargheNo/Backend/internal/application/service/user_service_impl.go:651.109,652.13 1 0
github.com/BargheNo/Backend/internal/application/service/user_service_impl.go:656.98,658.12 2 0
github.com/BargheNo/Backend/internal/application/service/user_service_impl.go:658.12,660.23 2 0
github.com/BargheNo/Backend/internal/application/service/user_service_impl.go:663.2,665.50 3 0
github.com/BargheNo/Backend/internal/application/service/user_service_impl.go:665.50,666.28 1 0
github.com/BargheNo/Backend/internal/application/service/user_service_impl.go:666.28,667.12 1 0
github.com/BargheNo/Backend/internal/application/service/user_service_impl.go:669.3,670.13 2 0
github.com/BargheNo/Backend/internal/application/service/user_service_impl.go:670.13,672.24 2 0
github.com/BargheNo/Backend/internal/application/service/user_service_impl.go:674.3,675.31 2 0
github.com/BargheNo/Backend/internal/application/service/user_service_impl.go:677.2,677.97 1 0
github.com/BargheNo/Backend/internal/application/service/user_service_impl.go:677.97,678.13 1 0
